Dataset:
        source_node  destination_node
0                 0              4076
1                 0             29861
2                 0             53717
3                 0             23820
4                 0             39945
...             ...               ...
498197        54311             54400
498198        54338             54538
498199        54356             11627
498200        54412             54428
498201        54490             25502

[498202 rows x 2 columns]

Info about graph:
Name: 
Type: Graph
Number of nodes: 54573
Number of edges: 498202
Average degree:  18.2582
None
Negative edges:
        source_node  destination_node
0              7239             52797
1              6301             54500
2             18238             20798
3             18133             53027
4             15513             40666
...             ...               ...
498197         7142             39682
498198         3813             24912
498199        22747             46577
498200        11679             33924
498201        37136             39423

[498202 rows x 2 columns]

All edges:
        source_node  destination_node  class
190825        11123             23264      1
150117        21332             36963      0
287679        13116             18552      0
78957         43125             31831      1
106541         6158             29069      0
...             ...               ...    ...
17497         41260             41601      0
324595        23240             47263      0
452730        28834             44345      0
453448        33973             54039      0
18640         19261             45862      0

[996404 rows x 3 columns]

Edges with classes:
        source_node  destination_node  class
0             11123             23264      1
1             21332             36963      0
2             13116             18552      0
3             43125             31831      1
4              6158             29069      0
...             ...               ...    ...
996399        41260             41601      0
996400        23240             47263      0
996401        28834             44345      0
996402        33973             54039      0
996403        19261             45862      0

[996404 rows x 3 columns]

Possitive edges:
        source_node  destination_node  class
0             11123             23264      1
3             43125             31831      1
6             26849             20451      1
8              7075             16943      1
9              9626             27619      1
...             ...               ...    ...
996389        18646             51266      1
996391        13573             38991      1
996395         7827             45528      1
996396        17247             34633      1
996397        14526             15510      1

[498202 rows x 3 columns]

Features:
        source_node  destination_node  ...  clustering_coef  class
0             11123             23264  ...         0.043299      1
1             21332             36963  ...         0.000000      0
2             13116             18552  ...         0.057143      0
3             43125             31831  ...         0.005308      1
4              6158             29069  ...         0.042909      0
...             ...               ...  ...              ...    ...
996399        41260             41601  ...         0.014286      0
996400        23240             47263  ...         0.009091      0
996401        28834             44345  ...         0.000000      0
996402        33973             54039  ...         0.043771      0
996403        19261             45862  ...         0.005602      0

[996404 rows x 7 columns]

Edges with features:
        source_node  destination_node  ...  clustering_coef  class
0             11123             23264  ...         0.043299      1
1             21332             36963  ...         0.000000      0
2             13116             18552  ...         0.057143      0
3             43125             31831  ...         0.005308      1
4              6158             29069  ...         0.042909      0
...             ...               ...  ...              ...    ...
996399        41260             41601  ...         0.014286      0
996400        23240             47263  ...         0.009091      0
996401        28834             44345  ...         0.000000      0
996402        33973             54039  ...         0.043771      0
996403        19261             45862  ...         0.005602      0

[996404 rows x 7 columns]

Data:
        jaccard_coef  adamic_adar  preferential_attachment  clustering_coef
0           0.153846     2.997953                     1944         0.043299
1           0.000000     0.000000                       99         0.000000
2           0.000000     0.000000                       35         0.057143
3           0.006579     0.217147                     4046         0.005308
4           0.000000     0.000000                       98         0.042909
...              ...          ...                      ...              ...
996399      0.000000     0.000000                      315         0.014286
996400      0.000000     0.000000                       60         0.009091
996401      0.000000     0.000000                      180         0.000000
996402      0.000000     0.000000                      120         0.043771
996403      0.000000     0.000000                      357         0.005602

[996404 rows x 4 columns]

Lables:
        class
0           1
1           0
2           0
3           1
4           0
...       ...
996399      0
996400      0
996401      0
996402      0
996403      0

[996404 rows x 1 columns]

Start... Grid search and Cross validation
LogisticRegression
params                                       mean_test_score(%)
-----------------------------------------  --------------------
{'max_iter': 100, 'solver': 'newton-cg'}                87.7956
{'max_iter': 100, 'solver': 'lbfgs'}                    87.7956
{'max_iter': 100, 'solver': 'liblinear'}                87.7955
{'max_iter': 500, 'solver': 'newton-cg'}                87.7956
{'max_iter': 500, 'solver': 'lbfgs'}                    87.7956
{'max_iter': 500, 'solver': 'liblinear'}                87.7955
{'max_iter': 1000, 'solver': 'newton-cg'}               87.7956
{'max_iter': 1000, 'solver': 'lbfgs'}                   87.7956
{'max_iter': 1000, 'solver': 'liblinear'}               87.7955

kNN
params                                        mean_test_score(%)
------------------------------------------  --------------------
{'metric': 'euclidean', 'n_neighbors': 5}                86.634
{'metric': 'euclidean', 'n_neighbors': 10}               87.8748
{'metric': 'euclidean', 'n_neighbors': 15}               87.9337
{'metric': 'euclidean', 'n_neighbors': 20}               88.1196
{'metric': 'minkowski', 'n_neighbors': 5}                86.634
{'metric': 'minkowski', 'n_neighbors': 10}               87.8748
{'metric': 'minkowski', 'n_neighbors': 15}               87.9337
{'metric': 'minkowski', 'n_neighbors': 20}               88.1196
{'metric': 'manhattan', 'n_neighbors': 5}                86.6361
{'metric': 'manhattan', 'n_neighbors': 10}               87.8731
{'metric': 'manhattan', 'n_neighbors': 15}               87.9215
{'metric': 'manhattan', 'n_neighbors': 20}               88.1289

MLP
params                                                                     mean_test_score(%)
-----------------------------------------------------------------------  --------------------
{'activation': 'tanh', 'learning_rate': 'constant', 'max_iter': 200}                  88.1273
{'activation': 'tanh', 'learning_rate': 'constant', 'max_iter': 500}                  88.1383
{'activation': 'tanh', 'learning_rate': 'constant', 'max_iter': 1000}                 88.1617
{'activation': 'tanh', 'learning_rate': 'invscaling', 'max_iter': 200}                88.1422
{'activation': 'tanh', 'learning_rate': 'invscaling', 'max_iter': 500}                88.1513
{'activation': 'tanh', 'learning_rate': 'invscaling', 'max_iter': 1000}               88.1393
{'activation': 'tanh', 'learning_rate': 'adaptive', 'max_iter': 200}                  88.1013
{'activation': 'tanh', 'learning_rate': 'adaptive', 'max_iter': 500}                  88.1501
{'activation': 'tanh', 'learning_rate': 'adaptive', 'max_iter': 1000}                 88.1399
{'activation': 'relu', 'learning_rate': 'constant', 'max_iter': 200}                  88.2321
{'activation': 'relu', 'learning_rate': 'constant', 'max_iter': 500}                  88.2246
{'activation': 'relu', 'learning_rate': 'constant', 'max_iter': 1000}                 88.2062
{'activation': 'relu', 'learning_rate': 'invscaling', 'max_iter': 200}                88.2145
{'activation': 'relu', 'learning_rate': 'invscaling', 'max_iter': 500}                88.2254
{'activation': 'relu', 'learning_rate': 'invscaling', 'max_iter': 1000}               88.2201
{'activation': 'relu', 'learning_rate': 'adaptive', 'max_iter': 200}                  88.2198
{'activation': 'relu', 'learning_rate': 'adaptive', 'max_iter': 500}                  88.2294
{'activation': 'relu', 'learning_rate': 'adaptive', 'max_iter': 1000}                 88.2277

DecisionTree
params                                                                    mean_test_score(%)
----------------------------------------------------------------------  --------------------
{'criterion': 'gini', 'max_features': 'auto', 'splitter': 'best'}                    85.9762
{'criterion': 'gini', 'max_features': 'auto', 'splitter': 'random'}                  85.9476
{'criterion': 'gini', 'max_features': 'sqrt', 'splitter': 'best'}                    85.9376
{'criterion': 'gini', 'max_features': 'sqrt', 'splitter': 'random'}                  85.9599
{'criterion': 'gini', 'max_features': 'log2', 'splitter': 'best'}                    85.9256
{'criterion': 'gini', 'max_features': 'log2', 'splitter': 'random'}                  85.9449
{'criterion': 'entropy', 'max_features': 'auto', 'splitter': 'best'}                 85.964
{'criterion': 'entropy', 'max_features': 'auto', 'splitter': 'random'}               85.9504
{'criterion': 'entropy', 'max_features': 'sqrt', 'splitter': 'best'}                 85.9575
{'criterion': 'entropy', 'max_features': 'sqrt', 'splitter': 'random'}               85.9405
{'criterion': 'entropy', 'max_features': 'log2', 'splitter': 'best'}                 85.9461
{'criterion': 'entropy', 'max_features': 'log2', 'splitter': 'random'}               85.944

RandomForest
params                                                                    mean_test_score(%)
----------------------------------------------------------------------  --------------------
{'criterion': 'gini', 'max_features': 'auto', 'n_estimators': 100}                   86.7197
{'criterion': 'gini', 'max_features': 'auto', 'n_estimators': 500}                   86.7574
{'criterion': 'gini', 'max_features': 'auto', 'n_estimators': 1000}                  86.7695
{'criterion': 'gini', 'max_features': 'sqrt', 'n_estimators': 100}                   86.7188
{'criterion': 'gini', 'max_features': 'sqrt', 'n_estimators': 500}                   86.7578
{'criterion': 'gini', 'max_features': 'sqrt', 'n_estimators': 1000}                  86.7635
{'criterion': 'gini', 'max_features': 'log2', 'n_estimators': 100}                   86.7181
{'criterion': 'gini', 'max_features': 'log2', 'n_estimators': 500}                   86.7531
{'criterion': 'gini', 'max_features': 'log2', 'n_estimators': 1000}                  86.7562
{'criterion': 'entropy', 'max_features': 'auto', 'n_estimators': 100}                86.7107
{'criterion': 'entropy', 'max_features': 'auto', 'n_estimators': 500}                86.7508
{'criterion': 'entropy', 'max_features': 'auto', 'n_estimators': 1000}               86.7488
{'criterion': 'entropy', 'max_features': 'sqrt', 'n_estimators': 100}                86.7251
{'criterion': 'entropy', 'max_features': 'sqrt', 'n_estimators': 500}                86.7494
{'criterion': 'entropy', 'max_features': 'sqrt', 'n_estimators': 1000}               86.7514
{'criterion': 'entropy', 'max_features': 'log2', 'n_estimators': 100}                86.7224
{'criterion': 'entropy', 'max_features': 'log2', 'n_estimators': 500}                86.7436
{'criterion': 'entropy', 'max_features': 'log2', 'n_estimators': 1000}               86.7477

GaussianNB
params      mean_test_score(%)
--------  --------------------
{}                     87.4658

Model                 Accuracy(%)    Std(%)    AUC(%)  BestParameters
------------------  -------------  --------  --------  --------------------------------------------------------------------
LogisticRegression          87.8       0.08     92.7   {'max_iter': 100, 'solver': 'newton-cg'}
kNN                         88.13      0.04     92.71  {'metric': 'manhattan', 'n_neighbors': 20}
MLP                         88.21      0.06     93.38  {'activation': 'relu', 'learning_rate': 'constant', 'max_iter': 200}
DecisionTree                85.93      0.06     86.78  {'criterion': 'gini', 'max_features': 'auto', 'splitter': 'best'}
RandomForest                86.79      0.05     92.03  {'criterion': 'gini', 'max_features': 'auto', 'n_estimators': 1000}
GaussianNB                  87.47      0.05     89.15  {}
