Dataset:
       source_node  destination_node
0                1                 2
1                1                 3
2                1                 4
3                1                 5
4                1                 6
...            ...               ...
16625         2418              2421
16626         2419              2420
16627         2419              2421
16628         2420              2421
16629         2422              2423

[16630 rows x 2 columns]

Info about graph:
Name: 
Type: Graph
Number of nodes: 2426
Number of edges: 16630
Average degree:  13.7098
None
Negative edges:
       source_node  destination_node
0              316              2075
1             1358              2415
2              374              1787
3             1563              1652
4              914              1243
...            ...               ...
16625         1658              2034
16626         1195              1778
16627          689              1943
16628          213              1425
16629         1464              1939

[16630 rows x 2 columns]

All edges:
       source_node  destination_node  class
4355           122              1713      1
13663         1122              1123      1
2266           143               545      0
8221           279               530      1
13273          911               912      1
...            ...               ...    ...
3595           659              1797      0
14846         1857              2064      0
15647         1908              1912      1
4866           139               954      1
4424           126               822      1

[33260 rows x 3 columns]

Edges with classes:
       source_node  destination_node  class
0              122              1713      1
1             1122              1123      1
2              143               545      0
3              279               530      1
4              911               912      1
...            ...               ...    ...
33255          659              1797      0
33256         1857              2064      0
33257         1908              1912      1
33258          139               954      1
33259          126               822      1

[33260 rows x 3 columns]

Possitive edges:
       source_node  destination_node  class
0              122              1713      1
1             1122              1123      1
3              279               530      1
4              911               912      1
5              135               633      1
...            ...               ...    ...
33252          139               256      1
33253         1325              1841      1
33257         1908              1912      1
33258          139               954      1
33259          126               822      1

[16630 rows x 3 columns]

Features:
       source_node  destination_node  ...  clustering_coef  class
0              122              1713  ...         0.333333      1
1             1122              1123  ...         1.000000      1
2              143               545  ...         0.700000      0
3              279               530  ...         0.050882      1
4              911               912  ...         0.412010      1
...            ...               ...  ...              ...    ...
33255          659              1797  ...         0.552602      0
33256         1857              2064  ...         0.000000      0
33257         1908              1912  ...         0.268753      1
33258          139               954  ...         0.090570      1
33259          126               822  ...         0.081383      1

[33260 rows x 7 columns]

Edges with features:
       source_node  destination_node  ...  clustering_coef  class
0              122              1713  ...         0.333333      1
1             1122              1123  ...         1.000000      1
2              143               545  ...         0.700000      0
3              279               530  ...         0.050882      1
4              911               912  ...         0.412010      1
...            ...               ...  ...              ...    ...
33255          659              1797  ...         0.552602      0
33256         1857              2064  ...         0.000000      0
33257         1908              1912  ...         0.268753      1
33258          139               954  ...         0.090570      1
33259          126               822  ...         0.081383      1

[33260 rows x 7 columns]

Data:
       jaccard_coef  adamic_adar  preferential_attachment  clustering_coef
0          0.272727     1.583132                       40         0.333333
1          0.333333     1.442695                        4         1.000000
2          0.000000     0.000000                      112         0.700000
3          0.059524     1.369025                     1968         0.050882
4          0.833333     5.134823                      272         0.412010
...             ...          ...                      ...              ...
33255      0.000000     0.000000                       86         0.552602
33256      0.000000     0.000000                       72         0.000000
33257      0.714286     8.036217                      896         0.268753
33258      0.080460     1.646558                     1185         0.090570
33259      0.192308     4.665439                     3828         0.081383

[33260 rows x 4 columns]

Lables:
       class
0          1
1          1
2          0
3          1
4          1
...      ...
33255      0
33256      0
33257      1
33258      1
33259      1

[33260 rows x 1 columns]

Start... Grid search and Cross validation
LogisticRegression
kNN
MLP
DecisionTree
RandomForest
GaussianNB
Model                 Accuracy(%)    Std(%)    AUC(%)  BestParameters
------------------  -------------  --------  --------  -----------------------------------------------------------------------
LogisticRegression          97.92      0.1      99.25  {'max_iter': 100, 'solver': 'newton-cg'}
kNN                         98.12      0.05     99.17  {'metric': 'manhattan', 'n_neighbors': 10}
MLP                         98.13      0.06     99.32  {'activation': 'relu', 'learning_rate': 'invscaling', 'max_iter': 1000}
DecisionTree                97.71      0.13     98.22  {'criterion': 'gini', 'max_features': 'auto', 'splitter': 'best'}
RandomForest                98.05      0.13     99.41  {'criterion': 'gini', 'max_features': 'auto', 'n_estimators': 500}
GaussianNB                  97.97      0.1      99.1   {}
