Dataset:
        source_node  destination_node
0                 0              9206
1                 0              7787
2                 0              2145
3                 0              2684
4                 0              7275
...             ...               ...
153133         2547              2092
153134         9461              2092
153135         9295              7802
153136         7436              9487
153137         1793              9194

[153138 rows x 2 columns]

Info about graph:
Name: 
Type: Graph
Number of nodes: 9498
Number of edges: 153138
Average degree:  32.2464
None
Negative edges:
        source_node  destination_node
0              3929              6778
1              6441              8494
2              7217              8715
3               741              1315
4              7199              7355
...             ...               ...
153133          470              8958
153134         2717              3775
153135         7200              7580
153136         4953              6347
153137         2959              3308

[153138 rows x 2 columns]

All edges:
        source_node  destination_node  class
116931         5051              7787      1
37452          6810              8145      0
34526          1285               188      1
59532          2221              7011      1
78372          2914              7208      1
...             ...               ...    ...
85422           481              5314      0
142171         7260              9206      1
63053          2398              2980      1
144992         7594              7941      1
133372         5428              7755      0

[306276 rows x 3 columns]

Edges with classes:
        source_node  destination_node  class
0              5051              7787      1
1              6810              8145      0
2              1285               188      1
3              2221              7011      1
4              2914              7208      1
...             ...               ...    ...
306271          481              5314      0
306272         7260              9206      1
306273         2398              2980      1
306274         7594              7941      1
306275         5428              7755      0

[306276 rows x 3 columns]

Possitive edges:
        source_node  destination_node  class
0              5051              7787      1
2              1285               188      1
3              2221              7011      1
4              2914              7208      1
5              2643              5447      1
...             ...               ...    ...
306262         1446              2275      1
306267         1242              6448      1
306272         7260              9206      1
306273         2398              2980      1
306274         7594              7941      1

[153138 rows x 3 columns]

Features:
        source_node  destination_node  ...  clustering_coef  class
0              5051              7787  ...         0.003415      1
1              6810              8145  ...         0.000000      0
2              1285               188  ...         0.009601      1
3              2221              7011  ...         0.016595      1
4              2914              7208  ...         0.001468      1
...             ...               ...  ...              ...    ...
306271          481              5314  ...         0.005517      0
306272         7260              9206  ...         0.003016      1
306273         2398              2980  ...         0.007116      1
306274         7594              7941  ...         0.026042      1
306275         5428              7755  ...         0.029288      0

[306276 rows x 7 columns]

Edges with features:
        source_node  destination_node  ...  clustering_coef  class
0              5051              7787  ...         0.003415      1
1              6810              8145  ...         0.000000      0
2              1285               188  ...         0.009601      1
3              2221              7011  ...         0.016595      1
4              2914              7208  ...         0.001468      1
...             ...               ...  ...              ...    ...
306271          481              5314  ...         0.005517      0
306272         7260              9206  ...         0.003016      1
306273         2398              2980  ...         0.007116      1
306274         7594              7941  ...         0.026042      1
306275         5428              7755  ...         0.029288      0

[306276 rows x 7 columns]

Data:
        jaccard_coef  adamic_adar  preferential_attachment  clustering_coef
0           0.004923     4.042430                   119252         0.003415
1           0.000000     0.000000                       66         0.000000
2           0.093686     7.954072                    71750         0.009601
3           0.063291     4.464072                    27971         0.016595
4           0.029625     9.889328                   280899         0.001468
...              ...          ...                      ...              ...
306271      0.000000     0.000000                      150         0.005517
306272      0.002734     1.171736                    16425         0.003016
306273      0.018359     2.931084                    44650         0.007116
306274      0.050000     0.481354                      297         0.026042
306275      0.000000     0.000000                      315         0.029288

[306276 rows x 4 columns]

Lables:
        class
0           1
1           0
2           1
3           1
4           1
...       ...
306271      0
306272      1
306273      1
306274      1
306275      0

[306276 rows x 1 columns]

Start... Grid search and Cross validation
LogisticRegression
kNN
MLP
DecisionTree
RandomForest
GaussianNB
Model                 Accuracy(%)    Std(%)    AUC(%)  BestParameters
------------------  -------------  --------  --------  ----------------------------------------------------------------------
LogisticRegression          95.53      0.07     97.93  {'max_iter': 100, 'solver': 'newton-cg'}
kNN                         95.6       0.07     98.03  {'metric': 'euclidean', 'n_neighbors': 20}
MLP                         95.71      0.07     98.44  {'activation': 'relu', 'learning_rate': 'constant', 'max_iter': 200}
DecisionTree                94.15      0.07     93.82  {'criterion': 'entropy', 'max_features': 'sqrt', 'splitter': 'best'}
RandomForest                95.02      0.08     97.89  {'criterion': 'entropy', 'max_features': 'log2', 'n_estimators': 1000}
GaussianNB                  95.52      0.06     97.78  {}
