Dataset:
        source_node  destination_node
0                 1                 2
1                 1                 3
2                 1                 4
3                 1                 5
4                 1                 6
...             ...               ...
817030        63635             63636
817031        63638             63639
817032        63646             63647
817033        63682             63683
817034        63697             63698

[817035 rows x 2 columns]

Info about graph:
Name: 
Type: Graph
Number of nodes: 63731
Number of edges: 817035
Average degree:  25.6401
None
Negative edges:
        source_node  destination_node
0             32685             50590
1             21017             56601
2             40465             46996
3              8655             49214
4             40566             54218
...             ...               ...
817030         8412             46827
817031        49215             50659
817032        10685             48527
817033        29798             53161
817034        24031             44006

[817035 rows x 2 columns]

All edges:
        source_node  destination_node  class
697525         5720             58817      0
144176         2998              3045      1
815388        58622             60235      0
531651        13342             52233      0
628037        20610             22023      1
...             ...               ...    ...
744604        30653             33006      1
203312         4346             15689      1
621428        20182             32544      1
258310         5885             33574      1
239747        36997             48741      0

[1634070 rows x 3 columns]

Edges with classes:
         source_node  destination_node  class
0               5720             58817      0
1               2998              3045      1
2              58622             60235      0
3              13342             52233      0
4              20610             22023      1
...              ...               ...    ...
1634065        30653             33006      1
1634066         4346             15689      1
1634067        20182             32544      1
1634068         5885             33574      1
1634069        36997             48741      0

[1634070 rows x 3 columns]

Possitive edges:
         source_node  destination_node  class
1               2998              3045      1
4              20610             22023      1
5              35115             35120      1
9               4310              5111      1
11              9903             28375      1
...              ...               ...    ...
1634062         5570              6736      1
1634065        30653             33006      1
1634066         4346             15689      1
1634067        20182             32544      1
1634068         5885             33574      1

[817035 rows x 3 columns]

Features:
         source_node  destination_node  ...  clustering_coef  class
0               5720             58817  ...         0.000000      0
1               2998              3045  ...         0.107080      1
2              58622             60235  ...         0.000000      0
3              13342             52233  ...         0.029670      0
4              20610             22023  ...         0.049115      1
...              ...               ...  ...              ...    ...
1634065        30653             33006  ...         0.055822      1
1634066         4346             15689  ...         0.007701      1
1634067        20182             32544  ...         0.027544      1
1634068         5885             33574  ...         0.015647      1
1634069        36997             48741  ...         0.000000      0

[1634070 rows x 7 columns]

Edges with features:
         source_node  destination_node  ...  clustering_coef  class
0               5720             58817  ...         0.000000      0
1               2998              3045  ...         0.107080      1
2              58622             60235  ...         0.000000      0
3              13342             52233  ...         0.029670      0
4              20610             22023  ...         0.049115      1
...              ...               ...  ...              ...    ...
1634065        30653             33006  ...         0.055822      1
1634066         4346             15689  ...         0.007701      1
1634067        20182             32544  ...         0.027544      1
1634068         5885             33574  ...         0.015647      1
1634069        36997             48741  ...         0.000000      0

[1634070 rows x 7 columns]

Data:
         jaccard_coef  adamic_adar  preferential_attachment  clustering_coef
0            0.000000     0.000000                       38         0.000000
1            0.241379     3.184134                     1296         0.107080
2            0.000000     0.000000                       11         0.000000
3            0.000000     0.000000                      320         0.029670
4            0.140000     2.045966                      740         0.049115
...               ...          ...                      ...              ...
1634065      0.121622     2.176853                     1666         0.055822
1634066      0.015385     0.535306                     4032         0.007701
1634067      0.076923     1.908130                     3135         0.027544
1634068      0.000000     0.000000                      368         0.015647
1634069      0.000000     0.000000                        4         0.000000

[1634070 rows x 4 columns]

Lables:
         class
0            0
1            1
2            0
3            0
4            1
...        ...
1634065      1
1634066      1
1634067      1
1634068      1
1634069      0

[1634070 rows x 1 columns]

Edges with features:
         source_node  destination_node  ...  clustering_coef  class
0               5720             58817  ...         0.000000      0
1               2998              3045  ...         0.107080      1
2              58622             60235  ...         0.000000      0
3              13342             52233  ...         0.029670      0
4              20610             22023  ...         0.049115      1
...              ...               ...  ...              ...    ...
1634065        30653             33006  ...         0.055822      1
1634066         4346             15689  ...         0.007701      1
1634067        20182             32544  ...         0.027544      1
1634068         5885             33574  ...         0.015647      1
1634069        36997             48741  ...         0.000000      0

[1634070 rows x 7 columns]

Data:
         jaccard_coef  adamic_adar  preferential_attachment  clustering_coef
0            0.000000     0.000000                       38         0.000000
1            0.241379     3.184134                     1296         0.107080
2            0.000000     0.000000                       11         0.000000
3            0.000000     0.000000                      320         0.029670
4            0.140000     2.045966                      740         0.049115
...               ...          ...                      ...              ...
1634065      0.121622     2.176853                     1666         0.055822
1634066      0.015385     0.535306                     4032         0.007701
1634067      0.076923     1.908130                     3135         0.027544
1634068      0.000000     0.000000                      368         0.015647
1634069      0.000000     0.000000                        4         0.000000

[1634070 rows x 4 columns]

Lables:
         class
0            0
1            1
2            0
3            0
4            1
...        ...
1634065      1
1634066      1
1634067      1
1634068      1
1634069      0

[1634070 rows x 1 columns]

Start... Grid search and Cross validation
LogisticRegression
kNN
MLP
DecisionTree
RandomForest
GaussianNB
Model                 Accuracy(%)    Std(%)    AUC(%)  BestParameters
------------------  -------------  --------  --------  ----------------------------------------------------------------------
LogisticRegression          94.92      0.03     96.9   {'max_iter': 100, 'solver': 'newton-cg'}
kNN                         95.11      0.04     97.16  {'metric': 'manhattan', 'n_neighbors': 20}
MLP                         95.13      0.04     97.62  {'activation': 'relu', 'learning_rate': 'constant', 'max_iter': 1000}
DecisionTree                93.62      0.04     93.62  {'criterion': 'entropy', 'max_features': 'sqrt', 'splitter': 'best'}
RandomForest                94.55      0.04     97.05  {'criterion': 'entropy', 'max_features': 'sqrt', 'n_estimators': 1000}
GaussianNB                  94.89      0.03     96.41  {}
