|--- feature_0 <= -0.53
|   |--- feature_3 <= -0.56
|   |   |--- feature_3 <= -0.83
|   |   |   |--- feature_2 <= -0.38
|   |   |   |   |--- feature_2 <= -0.43
|   |   |   |   |   |--- class: 0
|   |   |   |   |--- feature_2 >  -0.43
|   |   |   |   |   |--- feature_2 <= -0.42
|   |   |   |   |   |   |--- feature_2 <= -0.43
|   |   |   |   |   |   |   |--- feature_2 <= -0.43
|   |   |   |   |   |   |   |   |--- class: 0
|   |   |   |   |   |   |   |--- feature_2 >  -0.43
|   |   |   |   |   |   |   |   |--- feature_2 <= -0.43
|   |   |   |   |   |   |   |   |   |--- feature_2 <= -0.43
|   |   |   |   |   |   |   |   |   |   |--- feature_2 <= -0.43
|   |   |   |   |   |   |   |   |   |   |   |--- truncated branch of depth 2
|   |   |   |   |   |   |   |   |   |   |--- feature_2 >  -0.43
|   |   |   |   |   |   |   |   |   |   |   |--- class: 0
|   |   |   |   |   |   |   |   |   |--- feature_2 >  -0.43
|   |   |   |   |   |   |   |   |   |   |--- feature_2 <= -0.43
|   |   |   |   |   |   |   |   |   |   |   |--- class: 0
|   |   |   |   |   |   |   |   |   |   |--- feature_2 >  -0.43
|   |   |   |   |   |   |   |   |   |   |   |--- class: 0
|   |   |   |   |   |   |   |   |--- feature_2 >  -0.43
|   |   |   |   |   |   |   |   |   |--- feature_2 <= -0.43
|   |   |   |   |   |   |   |   |   |   |--- feature_2 <= -0.43
|   |   |   |   |   |   |   |   |   |   |   |--- class: 0
|   |   |   |   |   |   |   |   |   |   |--- feature_2 >  -0.43
|   |   |   |   |   |   |   |   |   |   |   |--- class: 0
|   |   |   |   |   |   |   |   |   |--- feature_2 >  -0.43
|   |   |   |   |   |   |   |   |   |   |--- feature_2 <= -0.43
|   |   |   |   |   |   |   |   |   |   |   |--- truncated branch of depth 3
|   |   |   |   |   |   |   |   |   |   |--- feature_2 >  -0.43
|   |   |   |   |   |   |   |   |   |   |   |--- truncated branch of depth 4
|   |   |   |   |   |   |--- feature_2 >  -0.43
|   |   |   |   |   |   |   |--- feature_2 <= -0.43
|   |   |   |   |   |   |   |   |--- class: 0
|   |   |   |   |   |   |   |--- feature_2 >  -0.43
|   |   |   |   |   |   |   |   |--- feature_2 <= -0.43
|   |   |   |   |   |   |   |   |   |--- feature_2 <= -0.43
|   |   |   |   |   |   |   |   |   |   |--- class: 0
|   |   |   |   |   |   |   |   |   |--- feature_2 >  -0.43
|   |   |   |   |   |   |   |   |   |   |--- feature_2 <= -0.43
|   |   |   |   |   |   |   |   |   |   |   |--- class: 0
|   |   |   |   |   |   |   |   |   |   |--- feature_2 >  -0.43
|   |   |   |   |   |   |   |   |   |   |   |--- class: 0
|   |   |   |   |   |   |   |   |--- feature_2 >  -0.43
|   |   |   |   |   |   |   |   |   |--- feature_2 <= -0.43
|   |   |   |   |   |   |   |   |   |   |--- class: 0
|   |   |   |   |   |   |   |   |   |--- feature_2 >  -0.43
|   |   |   |   |   |   |   |   |   |   |--- feature_2 <= -0.43
|   |   |   |   |   |   |   |   |   |   |   |--- class: 0
|   |   |   |   |   |   |   |   |   |   |--- feature_2 >  -0.43
|   |   |   |   |   |   |   |   |   |   |   |--- truncated branch of depth 10
|   |   |   |   |   |--- feature_2 >  -0.42
|   |   |   |   |   |   |--- feature_2 <= -0.42
|   |   |   |   |   |   |   |--- class: 0
|   |   |   |   |   |   |--- feature_2 >  -0.42
|   |   |   |   |   |   |   |--- feature_2 <= -0.41
|   |   |   |   |   |   |   |   |--- feature_2 <= -0.41
|   |   |   |   |   |   |   |   |   |--- feature_2 <= -0.41
|   |   |   |   |   |   |   |   |   |   |--- feature_2 <= -0.42
|   |   |   |   |   |   |   |   |   |   |   |--- truncated branch of depth 2
|   |   |   |   |   |   |   |   |   |   |--- feature_2 >  -0.42
|   |   |   |   |   |   |   |   |   |   |   |--- class: 0
|   |   |   |   |   |   |   |   |   |--- feature_2 >  -0.41
|   |   |   |   |   |   |   |   |   |   |--- class: 0
|   |   |   |   |   |   |   |   |--- feature_2 >  -0.41
|   |   |   |   |   |   |   |   |   |--- feature_2 <= -0.41
|   |   |   |   |   |   |   |   |   |   |--- feature_2 <= -0.41
|   |   |   |   |   |   |   |   |   |   |   |--- class: 0
|   |   |   |   |   |   |   |   |   |   |--- feature_2 >  -0.41
|   |   |   |   |   |   |   |   |   |   |   |--- class: 0
|   |   |   |   |   |   |   |   |   |--- feature_2 >  -0.41
|   |   |   |   |   |   |   |   |   |   |--- feature_2 <= -0.41
|   |   |   |   |   |   |   |   |   |   |   |--- class: 0
|   |   |   |   |   |   |   |   |   |   |--- feature_2 >  -0.41
|   |   |   |   |   |   |   |   |   |   |   |--- class: 0
|   |   |   |   |   |   |   |--- feature_2 >  -0.41
|   |   |   |   |   |   |   |   |--- feature_2 <= -0.41
|   |   |   |   |   |   |   |   |   |--- feature_2 <= -0.41
|   |   |   |   |   |   |   |   |   |   |--- feature_2 <= -0.41
|   |   |   |   |   |   |   |   |   |   |   |--- class: 0
|   |   |   |   |   |   |   |   |   |   |--- feature_2 >  -0.41
|   |   |   |   |   |   |   |   |   |   |   |--- truncated branch of depth 3
|   |   |   |   |   |   |   |   |   |--- feature_2 >  -0.41
|   |   |   |   |   |   |   |   |   |   |--- class: 0
|   |   |   |   |   |   |   |   |--- feature_2 >  -0.41
|   |   |   |   |   |   |   |   |   |--- feature_2 <= -0.40
|   |   |   |   |   |   |   |   |   |   |--- feature_2 <= -0.40
|   |   |   |   |   |   |   |   |   |   |   |--- truncated branch of depth 6
|   |   |   |   |   |   |   |   |   |   |--- feature_2 >  -0.40
|   |   |   |   |   |   |   |   |   |   |   |--- class: 0
|   |   |   |   |   |   |   |   |   |--- feature_2 >  -0.40
|   |   |   |   |   |   |   |   |   |   |--- feature_2 <= -0.40
|   |   |   |   |   |   |   |   |   |   |   |--- class: 1
|   |   |   |   |   |   |   |   |   |   |--- feature_2 >  -0.40
|   |   |   |   |   |   |   |   |   |   |   |--- truncated branch of depth 8
|   |   |   |--- feature_2 >  -0.38
|   |   |   |   |--- feature_2 <= -0.35
|   |   |   |   |   |--- feature_2 <= -0.35
|   |   |   |   |   |   |--- feature_2 <= -0.36
|   |   |   |   |   |   |   |--- feature_2 <= -0.38
|   |   |   |   |   |   |   |   |--- feature_2 <= -0.38
|   |   |   |   |   |   |   |   |   |--- feature_2 <= -0.38
|   |   |   |   |   |   |   |   |   |   |--- class: 0
|   |   |   |   |   |   |   |   |   |--- feature_2 >  -0.38
|   |   |   |   |   |   |   |   |   |   |--- feature_2 <= -0.38
|   |   |   |   |   |   |   |   |   |   |   |--- class: 0
|   |   |   |   |   |   |   |   |   |   |--- feature_2 >  -0.38
|   |   |   |   |   |   |   |   |   |   |   |--- truncated branch of depth 3
|   |   |   |   |   |   |   |   |--- feature_2 >  -0.38
|   |   |   |   |   |   |   |   |   |--- class: 1
|   |   |   |   |   |   |   |--- feature_2 >  -0.38
|   |   |   |   |   |   |   |   |--- feature_2 <= -0.37
|   |   |   |   |   |   |   |   |   |--- class: 0
|   |   |   |   |   |   |   |   |--- feature_2 >  -0.37
|   |   |   |   |   |   |   |   |   |--- feature_2 <= -0.37
|   |   |   |   |   |   |   |   |   |   |--- feature_2 <= -0.37
|   |   |   |   |   |   |   |   |   |   |   |--- class: 0
|   |   |   |   |   |   |   |   |   |   |--- feature_2 >  -0.37
|   |   |   |   |   |   |   |   |   |   |   |--- truncated branch of depth 2
|   |   |   |   |   |   |   |   |   |--- feature_2 >  -0.37
|   |   |   |   |   |   |   |   |   |   |--- feature_2 <= -0.36
|   |   |   |   |   |   |   |   |   |   |   |--- class: 0
|   |   |   |   |   |   |   |   |   |   |--- feature_2 >  -0.36
|   |   |   |   |   |   |   |   |   |   |   |--- truncated branch of depth 2
|   |   |   |   |   |   |--- feature_2 >  -0.36
|   |   |   |   |   |   |   |--- feature_2 <= -0.36
|   |   |   |   |   |   |   |   |--- class: 1
|   |   |   |   |   |   |   |--- feature_2 >  -0.36
|   |   |   |   |   |   |   |   |--- feature_2 <= -0.35
|   |   |   |   |   |   |   |   |   |--- feature_2 <= -0.35
|   |   |   |   |   |   |   |   |   |   |--- feature_2 <= -0.36
|   |   |   |   |   |   |   |   |   |   |   |--- truncated branch of depth 2
|   |   |   |   |   |   |   |   |   |   |--- feature_2 >  -0.36
|   |   |   |   |   |   |   |   |   |   |   |--- truncated branch of depth 3
|   |   |   |   |   |   |   |   |   |--- feature_2 >  -0.35
|   |   |   |   |   |   |   |   |   |   |--- class: 0
|   |   |   |   |   |   |   |   |--- feature_2 >  -0.35
|   |   |   |   |   |   |   |   |   |--- class: 1
|   |   |   |   |   |--- feature_2 >  -0.35
|   |   |   |   |   |   |--- class: 0
|   |   |   |   |--- feature_2 >  -0.35
|   |   |   |   |   |--- feature_2 <= -0.34
|   |   |   |   |   |   |--- class: 1
|   |   |   |   |   |--- feature_2 >  -0.34
|   |   |   |   |   |   |--- feature_2 <= -0.30
|   |   |   |   |   |   |   |--- feature_2 <= -0.31
|   |   |   |   |   |   |   |   |--- feature_2 <= -0.31
|   |   |   |   |   |   |   |   |   |--- feature_2 <= -0.32
|   |   |   |   |   |   |   |   |   |   |--- feature_2 <= -0.33
|   |   |   |   |   |   |   |   |   |   |   |--- truncated branch of depth 6
|   |   |   |   |   |   |   |   |   |   |--- feature_2 >  -0.33
|   |   |   |   |   |   |   |   |   |   |   |--- truncated branch of depth 3
|   |   |   |   |   |   |   |   |   |--- feature_2 >  -0.32
|   |   |   |   |   |   |   |   |   |   |--- class: 0
|   |   |   |   |   |   |   |   |--- feature_2 >  -0.31
|   |   |   |   |   |   |   |   |   |--- class: 1
|   |   |   |   |   |   |   |--- feature_2 >  -0.31
|   |   |   |   |   |   |   |   |--- class: 0
|   |   |   |   |   |   |--- feature_2 >  -0.30
|   |   |   |   |   |   |   |--- feature_2 <= 0.15
|   |   |   |   |   |   |   |   |--- class: 1
|   |   |   |   |   |   |   |--- feature_2 >  0.15
|   |   |   |   |   |   |   |   |--- class: 0
|   |   |--- feature_3 >  -0.83
|   |   |   |--- feature_3 <= -0.72
|   |   |   |   |--- feature_2 <= -0.39
|   |   |   |   |   |--- feature_2 <= -0.43
|   |   |   |   |   |   |--- feature_3 <= -0.75
|   |   |   |   |   |   |   |--- class: 0
|   |   |   |   |   |   |--- feature_3 >  -0.75
|   |   |   |   |   |   |   |--- class: 1
|   |   |   |   |   |--- feature_2 >  -0.43
|   |   |   |   |   |   |--- feature_2 <= -0.42
|   |   |   |   |   |   |   |--- class: 0
|   |   |   |   |   |   |--- feature_2 >  -0.42
|   |   |   |   |   |   |   |--- feature_3 <= -0.73
|   |   |   |   |   |   |   |   |--- feature_3 <= -0.74
|   |   |   |   |   |   |   |   |   |--- feature_2 <= -0.41
|   |   |   |   |   |   |   |   |   |   |--- class: 1
|   |   |   |   |   |   |   |   |   |--- feature_2 >  -0.41
|   |   |   |   |   |   |   |   |   |   |--- feature_2 <= -0.39
|   |   |   |   |   |   |   |   |   |   |   |--- class: 0
|   |   |   |   |   |   |   |   |   |   |--- feature_2 >  -0.39
|   |   |   |   |   |   |   |   |   |   |   |--- truncated branch of depth 3
|   |   |   |   |   |   |   |   |--- feature_3 >  -0.74
|   |   |   |   |   |   |   |   |   |--- class: 1
|   |   |   |   |   |   |   |--- feature_3 >  -0.73
|   |   |   |   |   |   |   |   |--- class: 0
|   |   |   |   |--- feature_2 >  -0.39
|   |   |   |   |   |--- feature_3 <= -0.80
|   |   |   |   |   |   |--- feature_2 <= -0.02
|   |   |   |   |   |   |   |--- feature_2 <= -0.23
|   |   |   |   |   |   |   |   |--- feature_2 <= -0.25
|   |   |   |   |   |   |   |   |   |--- feature_2 <= -0.36
|   |   |   |   |   |   |   |   |   |   |--- class: 1
|   |   |   |   |   |   |   |   |   |--- feature_2 >  -0.36
|   |   |   |   |   |   |   |   |   |   |--- feature_3 <= -0.80
|   |   |   |   |   |   |   |   |   |   |   |--- truncated branch of depth 3
|   |   |   |   |   |   |   |   |   |   |--- feature_3 >  -0.80
|   |   |   |   |   |   |   |   |   |   |   |--- class: 0
|   |   |   |   |   |   |   |   |--- feature_2 >  -0.25
|   |   |   |   |   |   |   |   |   |--- class: 0
|   |   |   |   |   |   |   |--- feature_2 >  -0.23
|   |   |   |   |   |   |   |   |--- class: 1
|   |   |   |   |   |   |--- feature_2 >  -0.02
|   |   |   |   |   |   |   |--- feature_3 <= -0.82
|   |   |   |   |   |   |   |   |--- class: 1
|   |   |   |   |   |   |   |--- feature_3 >  -0.82
|   |   |   |   |   |   |   |   |--- class: 0
|   |   |   |   |   |--- feature_3 >  -0.80
|   |   |   |   |   |   |--- feature_3 <= -0.79
|   |   |   |   |   |   |   |--- feature_2 <= -0.26
|   |   |   |   |   |   |   |   |--- class: 0
|   |   |   |   |   |   |   |--- feature_2 >  -0.26
|   |   |   |   |   |   |   |   |--- feature_2 <= -0.21
|   |   |   |   |   |   |   |   |   |--- class: 1
|   |   |   |   |   |   |   |   |--- feature_2 >  -0.21
|   |   |   |   |   |   |   |   |   |--- class: 0
|   |   |   |   |   |   |--- feature_3 >  -0.79
|   |   |   |   |   |   |   |--- feature_2 <= 0.34
|   |   |   |   |   |   |   |   |--- feature_2 <= 0.26
|   |   |   |   |   |   |   |   |   |--- feature_2 <= 0.07
|   |   |   |   |   |   |   |   |   |   |--- feature_2 <= -0.14
|   |   |   |   |   |   |   |   |   |   |   |--- truncated branch of depth 15
|   |   |   |   |   |   |   |   |   |   |--- feature_2 >  -0.14
|   |   |   |   |   |   |   |   |   |   |   |--- truncated branch of depth 6
|   |   |   |   |   |   |   |   |   |--- feature_2 >  0.07
|   |   |   |   |   |   |   |   |   |   |--- feature_3 <= -0.76
|   |   |   |   |   |   |   |   |   |   |   |--- class: 0
|   |   |   |   |   |   |   |   |   |   |--- feature_3 >  -0.76
|   |   |   |   |   |   |   |   |   |   |   |--- truncated branch of depth 4
|   |   |   |   |   |   |   |   |--- feature_2 >  0.26
|   |   |   |   |   |   |   |   |   |--- class: 1
|   |   |   |   |   |   |   |--- feature_2 >  0.34
|   |   |   |   |   |   |   |   |--- feature_2 <= 0.97
|   |   |   |   |   |   |   |   |   |--- feature_2 <= 0.46
|   |   |   |   |   |   |   |   |   |   |--- feature_2 <= 0.44
|   |   |   |   |   |   |   |   |   |   |   |--- class: 0
|   |   |   |   |   |   |   |   |   |   |--- feature_2 >  0.44
|   |   |   |   |   |   |   |   |   |   |   |--- class: 1
|   |   |   |   |   |   |   |   |   |--- feature_2 >  0.46
|   |   |   |   |   |   |   |   |   |   |--- class: 0
|   |   |   |   |   |   |   |   |--- feature_2 >  0.97
|   |   |   |   |   |   |   |   |   |--- feature_3 <= -0.77
|   |   |   |   |   |   |   |   |   |   |--- class: 1
|   |   |   |   |   |   |   |   |   |--- feature_3 >  -0.77
|   |   |   |   |   |   |   |   |   |   |--- feature_3 <= -0.76
|   |   |   |   |   |   |   |   |   |   |   |--- class: 0
|   |   |   |   |   |   |   |   |   |   |--- feature_3 >  -0.76
|   |   |   |   |   |   |   |   |   |   |   |--- class: 1
|   |   |   |--- feature_3 >  -0.72
|   |   |   |   |--- feature_2 <= 0.09
|   |   |   |   |   |--- feature_2 <= 0.08
|   |   |   |   |   |   |--- feature_3 <= -0.68
|   |   |   |   |   |   |   |--- feature_2 <= -0.42
|   |   |   |   |   |   |   |   |--- feature_2 <= -0.42
|   |   |   |   |   |   |   |   |   |--- class: 0
|   |   |   |   |   |   |   |   |--- feature_2 >  -0.42
|   |   |   |   |   |   |   |   |   |--- feature_2 <= -0.42
|   |   |   |   |   |   |   |   |   |   |--- class: 1
|   |   |   |   |   |   |   |   |   |--- feature_2 >  -0.42
|   |   |   |   |   |   |   |   |   |   |--- feature_3 <= -0.68
|   |   |   |   |   |   |   |   |   |   |   |--- class: 1
|   |   |   |   |   |   |   |   |   |   |--- feature_3 >  -0.68
|   |   |   |   |   |   |   |   |   |   |   |--- class: 0
|   |   |   |   |   |   |   |--- feature_2 >  -0.42
|   |   |   |   |   |   |   |   |--- feature_2 <= -0.14
|   |   |   |   |   |   |   |   |   |--- feature_2 <= -0.36
|   |   |   |   |   |   |   |   |   |   |--- feature_2 <= -0.37
|   |   |   |   |   |   |   |   |   |   |   |--- truncated branch of depth 6
|   |   |   |   |   |   |   |   |   |   |--- feature_2 >  -0.37
|   |   |   |   |   |   |   |   |   |   |   |--- class: 1
|   |   |   |   |   |   |   |   |   |--- feature_2 >  -0.36
|   |   |   |   |   |   |   |   |   |   |--- feature_3 <= -0.69
|   |   |   |   |   |   |   |   |   |   |   |--- truncated branch of depth 7
|   |   |   |   |   |   |   |   |   |   |--- feature_3 >  -0.69
|   |   |   |   |   |   |   |   |   |   |   |--- class: 0
|   |   |   |   |   |   |   |   |--- feature_2 >  -0.14
|   |   |   |   |   |   |   |   |   |--- feature_2 <= -0.13
|   |   |   |   |   |   |   |   |   |   |--- class: 1
|   |   |   |   |   |   |   |   |   |--- feature_2 >  -0.13
|   |   |   |   |   |   |   |   |   |   |--- feature_2 <= -0.02
|   |   |   |   |   |   |   |   |   |   |   |--- truncated branch of depth 6
|   |   |   |   |   |   |   |   |   |   |--- feature_2 >  -0.02
|   |   |   |   |   |   |   |   |   |   |   |--- truncated branch of depth 4
|   |   |   |   |   |   |--- feature_3 >  -0.68
|   |   |   |   |   |   |   |--- feature_2 <= -0.29
|   |   |   |   |   |   |   |   |--- feature_2 <= -0.43
|   |   |   |   |   |   |   |   |   |--- feature_2 <= -0.43
|   |   |   |   |   |   |   |   |   |   |--- class: 0
|   |   |   |   |   |   |   |   |   |--- feature_2 >  -0.43
|   |   |   |   |   |   |   |   |   |   |--- class: 1
|   |   |   |   |   |   |   |   |--- feature_2 >  -0.43
|   |   |   |   |   |   |   |   |   |--- feature_3 <= -0.56
|   |   |   |   |   |   |   |   |   |   |--- feature_2 <= -0.31
|   |   |   |   |   |   |   |   |   |   |   |--- truncated branch of depth 17
|   |   |   |   |   |   |   |   |   |   |--- feature_2 >  -0.31
|   |   |   |   |   |   |   |   |   |   |   |--- class: 0
|   |   |   |   |   |   |   |   |   |--- feature_3 >  -0.56
|   |   |   |   |   |   |   |   |   |   |--- class: 1
|   |   |   |   |   |   |   |--- feature_2 >  -0.29
|   |   |   |   |   |   |   |   |--- feature_3 <= -0.60
|   |   |   |   |   |   |   |   |   |--- feature_3 <= -0.60
|   |   |   |   |   |   |   |   |   |   |--- feature_2 <= -0.29
|   |   |   |   |   |   |   |   |   |   |   |--- class: 1
|   |   |   |   |   |   |   |   |   |   |--- feature_2 >  -0.29
|   |   |   |   |   |   |   |   |   |   |   |--- truncated branch of depth 17
|   |   |   |   |   |   |   |   |   |--- feature_3 >  -0.60
|   |   |   |   |   |   |   |   |   |   |--- class: 1
|   |   |   |   |   |   |   |   |--- feature_3 >  -0.60
|   |   |   |   |   |   |   |   |   |--- feature_2 <= 0.07
|   |   |   |   |   |   |   |   |   |   |--- feature_2 <= -0.21
|   |   |   |   |   |   |   |   |   |   |   |--- truncated branch of depth 4
|   |   |   |   |   |   |   |   |   |   |--- feature_2 >  -0.21
|   |   |   |   |   |   |   |   |   |   |   |--- truncated branch of depth 3
|   |   |   |   |   |   |   |   |   |--- feature_2 >  0.07
|   |   |   |   |   |   |   |   |   |   |--- class: 1
|   |   |   |   |   |--- feature_2 >  0.08
|   |   |   |   |   |   |--- class: 1
|   |   |   |   |--- feature_2 >  0.09
|   |   |   |   |   |--- feature_2 <= 0.67
|   |   |   |   |   |   |--- class: 0
|   |   |   |   |   |--- feature_2 >  0.67
|   |   |   |   |   |   |--- feature_2 <= 0.72
|   |   |   |   |   |   |   |--- class: 1
|   |   |   |   |   |   |--- feature_2 >  0.72
|   |   |   |   |   |   |   |--- class: 0
|   |--- feature_3 >  -0.56
|   |   |--- feature_2 <= -0.41
|   |   |   |--- feature_3 <= -0.35
|   |   |   |   |--- feature_3 <= -0.47
|   |   |   |   |   |--- class: 0
|   |   |   |   |--- feature_3 >  -0.47
|   |   |   |   |   |--- feature_3 <= -0.47
|   |   |   |   |   |   |--- class: 1
|   |   |   |   |   |--- feature_3 >  -0.47
|   |   |   |   |   |   |--- feature_3 <= -0.45
|   |   |   |   |   |   |   |--- feature_2 <= -0.42
|   |   |   |   |   |   |   |   |--- feature_3 <= -0.46
|   |   |   |   |   |   |   |   |   |--- feature_2 <= -0.43
|   |   |   |   |   |   |   |   |   |   |--- class: 0
|   |   |   |   |   |   |   |   |   |--- feature_2 >  -0.43
|   |   |   |   |   |   |   |   |   |   |--- class: 0
|   |   |   |   |   |   |   |   |--- feature_3 >  -0.46
|   |   |   |   |   |   |   |   |   |--- class: 0
|   |   |   |   |   |   |   |--- feature_2 >  -0.42
|   |   |   |   |   |   |   |   |--- class: 0
|   |   |   |   |   |   |--- feature_3 >  -0.45
|   |   |   |   |   |   |   |--- feature_2 <= -0.42
|   |   |   |   |   |   |   |   |--- feature_2 <= -0.42
|   |   |   |   |   |   |   |   |   |--- feature_2 <= -0.42
|   |   |   |   |   |   |   |   |   |   |--- feature_2 <= -0.43
|   |   |   |   |   |   |   |   |   |   |   |--- class: 0
|   |   |   |   |   |   |   |   |   |   |--- feature_2 >  -0.43
|   |   |   |   |   |   |   |   |   |   |   |--- truncated branch of depth 3
|   |   |   |   |   |   |   |   |   |--- feature_2 >  -0.42
|   |   |   |   |   |   |   |   |   |   |--- class: 0
|   |   |   |   |   |   |   |   |--- feature_2 >  -0.42
|   |   |   |   |   |   |   |   |   |--- feature_3 <= -0.40
|   |   |   |   |   |   |   |   |   |   |--- class: 0
|   |   |   |   |   |   |   |   |   |--- feature_3 >  -0.40
|   |   |   |   |   |   |   |   |   |   |--- class: 0
|   |   |   |   |   |   |   |--- feature_2 >  -0.42
|   |   |   |   |   |   |   |   |--- class: 0
|   |   |   |--- feature_3 >  -0.35
|   |   |   |   |--- feature_3 <= 0.07
|   |   |   |   |   |--- feature_3 <= 0.06
|   |   |   |   |   |   |--- feature_2 <= -0.43
|   |   |   |   |   |   |   |--- feature_2 <= -0.43
|   |   |   |   |   |   |   |   |--- class: 0
|   |   |   |   |   |   |   |--- feature_2 >  -0.43
|   |   |   |   |   |   |   |   |--- feature_3 <= -0.10
|   |   |   |   |   |   |   |   |   |--- class: 0
|   |   |   |   |   |   |   |   |--- feature_3 >  -0.10
|   |   |   |   |   |   |   |   |   |--- feature_3 <= -0.05
|   |   |   |   |   |   |   |   |   |   |--- feature_3 <= -0.08
|   |   |   |   |   |   |   |   |   |   |   |--- class: 0
|   |   |   |   |   |   |   |   |   |   |--- feature_3 >  -0.08
|   |   |   |   |   |   |   |   |   |   |   |--- class: 1
|   |   |   |   |   |   |   |   |   |--- feature_3 >  -0.05
|   |   |   |   |   |   |   |   |   |   |--- class: 0
|   |   |   |   |   |   |--- feature_2 >  -0.43
|   |   |   |   |   |   |   |--- feature_2 <= -0.42
|   |   |   |   |   |   |   |   |--- class: 0
|   |   |   |   |   |   |   |--- feature_2 >  -0.42
|   |   |   |   |   |   |   |   |--- feature_3 <= -0.24
|   |   |   |   |   |   |   |   |   |--- feature_2 <= -0.42
|   |   |   |   |   |   |   |   |   |   |--- feature_3 <= -0.25
|   |   |   |   |   |   |   |   |   |   |   |--- class: 0
|   |   |   |   |   |   |   |   |   |   |--- feature_3 >  -0.25
|   |   |   |   |   |   |   |   |   |   |   |--- class: 1
|   |   |   |   |   |   |   |   |   |--- feature_2 >  -0.42
|   |   |   |   |   |   |   |   |   |   |--- class: 0
|   |   |   |   |   |   |   |   |--- feature_3 >  -0.24
|   |   |   |   |   |   |   |   |   |--- class: 0
|   |   |   |   |   |--- feature_3 >  0.06
|   |   |   |   |   |   |--- feature_2 <= -0.42
|   |   |   |   |   |   |   |--- class: 0
|   |   |   |   |   |   |--- feature_2 >  -0.42
|   |   |   |   |   |   |   |--- class: 0
|   |   |   |   |--- feature_3 >  0.07
|   |   |   |   |   |--- class: 0
|   |   |--- feature_2 >  -0.41
|   |   |   |--- feature_3 <= -0.32
|   |   |   |   |--- feature_3 <= -0.32
|   |   |   |   |   |--- feature_3 <= -0.49
|   |   |   |   |   |   |--- feature_3 <= -0.49
|   |   |   |   |   |   |   |--- feature_2 <= -0.40
|   |   |   |   |   |   |   |   |--- feature_2 <= -0.40
|   |   |   |   |   |   |   |   |   |--- feature_3 <= -0.51
|   |   |   |   |   |   |   |   |   |   |--- feature_3 <= -0.53
|   |   |   |   |   |   |   |   |   |   |   |--- class: 0
|   |   |   |   |   |   |   |   |   |   |--- feature_3 >  -0.53
|   |   |   |   |   |   |   |   |   |   |   |--- truncated branch of depth 2
|   |   |   |   |   |   |   |   |   |--- feature_3 >  -0.51
|   |   |   |   |   |   |   |   |   |   |--- class: 0
|   |   |   |   |   |   |   |   |--- feature_2 >  -0.40
|   |   |   |   |   |   |   |   |   |--- feature_2 <= -0.40
|   |   |   |   |   |   |   |   |   |   |--- feature_3 <= -0.50
|   |   |   |   |   |   |   |   |   |   |   |--- class: 0
|   |   |   |   |   |   |   |   |   |   |--- feature_3 >  -0.50
|   |   |   |   |   |   |   |   |   |   |   |--- class: 1
|   |   |   |   |   |   |   |   |   |--- feature_2 >  -0.40
|   |   |   |   |   |   |   |   |   |   |--- feature_3 <= -0.51
|   |   |   |   |   |   |   |   |   |   |   |--- class: 0
|   |   |   |   |   |   |   |   |   |   |--- feature_3 >  -0.51
|   |   |   |   |   |   |   |   |   |   |   |--- truncated branch of depth 2
|   |   |   |   |   |   |   |--- feature_2 >  -0.40
|   |   |   |   |   |   |   |   |--- feature_3 <= -0.54
|   |   |   |   |   |   |   |   |   |--- class: 0
|   |   |   |   |   |   |   |   |--- feature_3 >  -0.54
|   |   |   |   |   |   |   |   |   |--- feature_2 <= -0.29
|   |   |   |   |   |   |   |   |   |   |--- feature_2 <= -0.29
|   |   |   |   |   |   |   |   |   |   |   |--- truncated branch of depth 7
|   |   |   |   |   |   |   |   |   |   |--- feature_2 >  -0.29
|   |   |   |   |   |   |   |   |   |   |   |--- truncated branch of depth 2
|   |   |   |   |   |   |   |   |   |--- feature_2 >  -0.29
|   |   |   |   |   |   |   |   |   |   |--- feature_3 <= -0.53
|   |   |   |   |   |   |   |   |   |   |   |--- class: 1
|   |   |   |   |   |   |   |   |   |   |--- feature_3 >  -0.53
|   |   |   |   |   |   |   |   |   |   |   |--- truncated branch of depth 3
|   |   |   |   |   |   |--- feature_3 >  -0.49
|   |   |   |   |   |   |   |--- feature_2 <= -0.39
|   |   |   |   |   |   |   |   |--- class: 1
|   |   |   |   |   |   |   |--- feature_2 >  -0.39
|   |   |   |   |   |   |   |   |--- feature_3 <= -0.49
|   |   |   |   |   |   |   |   |   |--- class: 1
|   |   |   |   |   |   |   |   |--- feature_3 >  -0.49
|   |   |   |   |   |   |   |   |   |--- class: 0
|   |   |   |   |   |--- feature_3 >  -0.49
|   |   |   |   |   |   |--- feature_2 <= -0.41
|   |   |   |   |   |   |   |--- feature_3 <= -0.39
|   |   |   |   |   |   |   |   |--- class: 0
|   |   |   |   |   |   |   |--- feature_3 >  -0.39
|   |   |   |   |   |   |   |   |--- class: 0
|   |   |   |   |   |   |--- feature_2 >  -0.41
|   |   |   |   |   |   |   |--- feature_2 <= -0.38
|   |   |   |   |   |   |   |   |--- feature_3 <= -0.48
|   |   |   |   |   |   |   |   |   |--- feature_3 <= -0.48
|   |   |   |   |   |   |   |   |   |   |--- class: 0
|   |   |   |   |   |   |   |   |   |--- feature_3 >  -0.48
|   |   |   |   |   |   |   |   |   |   |--- class: 1
|   |   |   |   |   |   |   |   |--- feature_3 >  -0.48
|   |   |   |   |   |   |   |   |   |--- feature_2 <= -0.38
|   |   |   |   |   |   |   |   |   |   |--- feature_3 <= -0.44
|   |   |   |   |   |   |   |   |   |   |   |--- class: 0
|   |   |   |   |   |   |   |   |   |   |--- feature_3 >  -0.44
|   |   |   |   |   |   |   |   |   |   |   |--- truncated branch of depth 9
|   |   |   |   |   |   |   |   |   |--- feature_2 >  -0.38
|   |   |   |   |   |   |   |   |   |   |--- feature_3 <= -0.37
|   |   |   |   |   |   |   |   |   |   |   |--- class: 0
|   |   |   |   |   |   |   |   |   |   |--- feature_3 >  -0.37
|   |   |   |   |   |   |   |   |   |   |   |--- class: 1
|   |   |   |   |   |   |   |--- feature_2 >  -0.38
|   |   |   |   |   |   |   |   |--- feature_2 <= -0.35
|   |   |   |   |   |   |   |   |   |--- class: 0
|   |   |   |   |   |   |   |   |--- feature_2 >  -0.35
|   |   |   |   |   |   |   |   |   |--- feature_2 <= -0.35
|   |   |   |   |   |   |   |   |   |   |--- feature_2 <= -0.35
|   |   |   |   |   |   |   |   |   |   |   |--- truncated branch of depth 6
|   |   |   |   |   |   |   |   |   |   |--- feature_2 >  -0.35
|   |   |   |   |   |   |   |   |   |   |   |--- class: 1
|   |   |   |   |   |   |   |   |   |--- feature_2 >  -0.35
|   |   |   |   |   |   |   |   |   |   |--- feature_2 <= -0.17
|   |   |   |   |   |   |   |   |   |   |   |--- truncated branch of depth 6
|   |   |   |   |   |   |   |   |   |   |--- feature_2 >  -0.17
|   |   |   |   |   |   |   |   |   |   |   |--- truncated branch of depth 6
|   |   |   |   |--- feature_3 >  -0.32
|   |   |   |   |   |--- class: 1
|   |   |   |--- feature_3 >  -0.32
|   |   |   |   |--- feature_2 <= -0.37
|   |   |   |   |   |--- feature_3 <= 0.20
|   |   |   |   |   |   |--- feature_3 <= 0.20
|   |   |   |   |   |   |   |--- feature_2 <= -0.39
|   |   |   |   |   |   |   |   |--- feature_2 <= -0.39
|   |   |   |   |   |   |   |   |   |--- feature_3 <= 0.00
|   |   |   |   |   |   |   |   |   |   |--- class: 0
|   |   |   |   |   |   |   |   |   |--- feature_3 >  0.00
|   |   |   |   |   |   |   |   |   |   |--- feature_2 <= -0.41
|   |   |   |   |   |   |   |   |   |   |   |--- truncated branch of depth 4
|   |   |   |   |   |   |   |   |   |   |--- feature_2 >  -0.41
|   |   |   |   |   |   |   |   |   |   |   |--- truncated branch of depth 2
|   |   |   |   |   |   |   |   |--- feature_2 >  -0.39
|   |   |   |   |   |   |   |   |   |--- feature_3 <= 0.06
|   |   |   |   |   |   |   |   |   |   |--- class: 0
|   |   |   |   |   |   |   |   |   |--- feature_3 >  0.06
|   |   |   |   |   |   |   |   |   |   |--- class: 1
|   |   |   |   |   |   |   |--- feature_2 >  -0.39
|   |   |   |   |   |   |   |   |--- class: 0
|   |   |   |   |   |   |--- feature_3 >  0.20
|   |   |   |   |   |   |   |--- class: 0
|   |   |   |   |   |--- feature_3 >  0.20
|   |   |   |   |   |   |--- class: 0
|   |   |   |   |--- feature_2 >  -0.37
|   |   |   |   |   |--- feature_2 <= -0.37
|   |   |   |   |   |   |--- feature_3 <= -0.28
|   |   |   |   |   |   |   |--- feature_3 <= -0.30
|   |   |   |   |   |   |   |   |--- class: 0
|   |   |   |   |   |   |   |--- feature_3 >  -0.30
|   |   |   |   |   |   |   |   |--- class: 1
|   |   |   |   |   |   |--- feature_3 >  -0.28
|   |   |   |   |   |   |   |--- feature_2 <= -0.37
|   |   |   |   |   |   |   |   |--- feature_3 <= 0.15
|   |   |   |   |   |   |   |   |   |--- feature_3 <= 0.14
|   |   |   |   |   |   |   |   |   |   |--- class: 0
|   |   |   |   |   |   |   |   |   |--- feature_3 >  0.14
|   |   |   |   |   |   |   |   |   |   |--- class: 1
|   |   |   |   |   |   |   |   |--- feature_3 >  0.15
|   |   |   |   |   |   |   |   |   |--- class: 0
|   |   |   |   |   |   |   |--- feature_2 >  -0.37
|   |   |   |   |   |   |   |   |--- feature_2 <= -0.37
|   |   |   |   |   |   |   |   |   |--- feature_3 <= -0.16
|   |   |   |   |   |   |   |   |   |   |--- feature_3 <= -0.18
|   |   |   |   |   |   |   |   |   |   |   |--- class: 0
|   |   |   |   |   |   |   |   |   |   |--- feature_3 >  -0.18
|   |   |   |   |   |   |   |   |   |   |   |--- class: 1
|   |   |   |   |   |   |   |   |   |--- feature_3 >  -0.16
|   |   |   |   |   |   |   |   |   |   |--- class: 0
|   |   |   |   |   |   |   |   |--- feature_2 >  -0.37
|   |   |   |   |   |   |   |   |   |--- feature_3 <= 0.16
|   |   |   |   |   |   |   |   |   |   |--- feature_2 <= -0.37
|   |   |   |   |   |   |   |   |   |   |   |--- class: 0
|   |   |   |   |   |   |   |   |   |   |--- feature_2 >  -0.37
|   |   |   |   |   |   |   |   |   |   |   |--- truncated branch of depth 2
|   |   |   |   |   |   |   |   |   |--- feature_3 >  0.16
|   |   |   |   |   |   |   |   |   |   |--- class: 0
|   |   |   |   |   |--- feature_2 >  -0.37
|   |   |   |   |   |   |--- feature_3 <= -0.02
|   |   |   |   |   |   |   |--- feature_2 <= -0.23
|   |   |   |   |   |   |   |   |--- feature_3 <= -0.02
|   |   |   |   |   |   |   |   |   |--- feature_2 <= -0.23
|   |   |   |   |   |   |   |   |   |   |--- feature_3 <= -0.20
|   |   |   |   |   |   |   |   |   |   |   |--- truncated branch of depth 2
|   |   |   |   |   |   |   |   |   |   |--- feature_3 >  -0.20
|   |   |   |   |   |   |   |   |   |   |   |--- class: 0
|   |   |   |   |   |   |   |   |   |--- feature_2 >  -0.23
|   |   |   |   |   |   |   |   |   |   |--- class: 1
|   |   |   |   |   |   |   |   |--- feature_3 >  -0.02
|   |   |   |   |   |   |   |   |   |--- feature_2 <= -0.34
|   |   |   |   |   |   |   |   |   |   |--- class: 1
|   |   |   |   |   |   |   |   |   |--- feature_2 >  -0.34
|   |   |   |   |   |   |   |   |   |   |--- class: 0
|   |   |   |   |   |   |   |--- feature_2 >  -0.23
|   |   |   |   |   |   |   |   |--- class: 0
|   |   |   |   |   |   |--- feature_3 >  -0.02
|   |   |   |   |   |   |   |--- class: 0
|--- feature_0 >  -0.53
|   |--- class: 1
