|--- feature_0 <= 42.80
|   |--- feature_0 <= 18.12
|   |   |--- feature_0 <= 0.23
|   |   |   |--- feature_2 <= 5.57
|   |   |   |   |--- feature_3 <= 4.61
|   |   |   |   |   |--- feature_2 <= -0.48
|   |   |   |   |   |   |--- feature_2 <= -1.66
|   |   |   |   |   |   |   |--- feature_2 <= -1.71
|   |   |   |   |   |   |   |   |--- class: 0
|   |   |   |   |   |   |   |--- feature_2 >  -1.71
|   |   |   |   |   |   |   |   |--- feature_2 <= -1.69
|   |   |   |   |   |   |   |   |   |--- class: 0
|   |   |   |   |   |   |   |   |--- feature_2 >  -1.69
|   |   |   |   |   |   |   |   |   |--- class: 0
|   |   |   |   |   |   |--- feature_2 >  -1.66
|   |   |   |   |   |   |   |--- feature_2 <= -1.16
|   |   |   |   |   |   |   |   |--- feature_2 <= -1.45
|   |   |   |   |   |   |   |   |   |--- feature_2 <= -1.54
|   |   |   |   |   |   |   |   |   |   |--- feature_2 <= -1.58
|   |   |   |   |   |   |   |   |   |   |   |--- class: 0
|   |   |   |   |   |   |   |   |   |   |--- feature_2 >  -1.58
|   |   |   |   |   |   |   |   |   |   |   |--- class: 0
|   |   |   |   |   |   |   |   |   |--- feature_2 >  -1.54
|   |   |   |   |   |   |   |   |   |   |--- feature_2 <= -1.51
|   |   |   |   |   |   |   |   |   |   |   |--- class: 0
|   |   |   |   |   |   |   |   |   |   |--- feature_2 >  -1.51
|   |   |   |   |   |   |   |   |   |   |   |--- class: 0
|   |   |   |   |   |   |   |   |--- feature_2 >  -1.45
|   |   |   |   |   |   |   |   |   |--- feature_2 <= -1.23
|   |   |   |   |   |   |   |   |   |   |--- feature_2 <= -1.33
|   |   |   |   |   |   |   |   |   |   |   |--- truncated branch of depth 3
|   |   |   |   |   |   |   |   |   |   |--- feature_2 >  -1.33
|   |   |   |   |   |   |   |   |   |   |   |--- truncated branch of depth 3
|   |   |   |   |   |   |   |   |   |--- feature_2 >  -1.23
|   |   |   |   |   |   |   |   |   |   |--- class: 0
|   |   |   |   |   |   |   |--- feature_2 >  -1.16
|   |   |   |   |   |   |   |   |--- feature_2 <= -0.89
|   |   |   |   |   |   |   |   |   |--- feature_2 <= -1.05
|   |   |   |   |   |   |   |   |   |   |--- feature_2 <= -1.16
|   |   |   |   |   |   |   |   |   |   |   |--- class: 0
|   |   |   |   |   |   |   |   |   |   |--- feature_2 >  -1.16
|   |   |   |   |   |   |   |   |   |   |   |--- class: 0
|   |   |   |   |   |   |   |   |   |--- feature_2 >  -1.05
|   |   |   |   |   |   |   |   |   |   |--- feature_2 <= -0.93
|   |   |   |   |   |   |   |   |   |   |   |--- truncated branch of depth 2
|   |   |   |   |   |   |   |   |   |   |--- feature_2 >  -0.93
|   |   |   |   |   |   |   |   |   |   |   |--- class: 0
|   |   |   |   |   |   |   |   |--- feature_2 >  -0.89
|   |   |   |   |   |   |   |   |   |--- feature_2 <= -0.63
|   |   |   |   |   |   |   |   |   |   |--- feature_2 <= -0.75
|   |   |   |   |   |   |   |   |   |   |   |--- truncated branch of depth 2
|   |   |   |   |   |   |   |   |   |   |--- feature_2 >  -0.75
|   |   |   |   |   |   |   |   |   |   |   |--- truncated branch of depth 3
|   |   |   |   |   |   |   |   |   |--- feature_2 >  -0.63
|   |   |   |   |   |   |   |   |   |   |--- feature_2 <= -0.53
|   |   |   |   |   |   |   |   |   |   |   |--- class: 0
|   |   |   |   |   |   |   |   |   |   |--- feature_2 >  -0.53
|   |   |   |   |   |   |   |   |   |   |   |--- class: 0
|   |   |   |   |   |--- feature_2 >  -0.48
|   |   |   |   |   |   |--- feature_3 <= 2.61
|   |   |   |   |   |   |   |--- feature_2 <= 0.16
|   |   |   |   |   |   |   |   |--- feature_2 <= 0.06
|   |   |   |   |   |   |   |   |   |--- feature_2 <= -0.37
|   |   |   |   |   |   |   |   |   |   |--- feature_2 <= -0.42
|   |   |   |   |   |   |   |   |   |   |   |--- class: 0
|   |   |   |   |   |   |   |   |   |   |--- feature_2 >  -0.42
|   |   |   |   |   |   |   |   |   |   |   |--- class: 0
|   |   |   |   |   |   |   |   |   |--- feature_2 >  -0.37
|   |   |   |   |   |   |   |   |   |   |--- feature_2 <= -0.11
|   |   |   |   |   |   |   |   |   |   |   |--- truncated branch of depth 3
|   |   |   |   |   |   |   |   |   |   |--- feature_2 >  -0.11
|   |   |   |   |   |   |   |   |   |   |   |--- truncated branch of depth 2
|   |   |   |   |   |   |   |   |--- feature_2 >  0.06
|   |   |   |   |   |   |   |   |   |--- feature_2 <= 0.09
|   |   |   |   |   |   |   |   |   |   |--- class: 1
|   |   |   |   |   |   |   |   |   |--- feature_2 >  0.09
|   |   |   |   |   |   |   |   |   |   |--- class: 1
|   |   |   |   |   |   |   |--- feature_2 >  0.16
|   |   |   |   |   |   |   |   |--- feature_2 <= 0.92
|   |   |   |   |   |   |   |   |   |--- feature_2 <= 0.89
|   |   |   |   |   |   |   |   |   |   |--- feature_2 <= 0.84
|   |   |   |   |   |   |   |   |   |   |   |--- truncated branch of depth 5
|   |   |   |   |   |   |   |   |   |   |--- feature_2 >  0.84
|   |   |   |   |   |   |   |   |   |   |   |--- class: 1
|   |   |   |   |   |   |   |   |   |--- feature_2 >  0.89
|   |   |   |   |   |   |   |   |   |   |--- class: 1
|   |   |   |   |   |   |   |   |--- feature_2 >  0.92
|   |   |   |   |   |   |   |   |   |--- feature_3 <= 0.47
|   |   |   |   |   |   |   |   |   |   |--- feature_2 <= 4.00
|   |   |   |   |   |   |   |   |   |   |   |--- truncated branch of depth 9
|   |   |   |   |   |   |   |   |   |   |--- feature_2 >  4.00
|   |   |   |   |   |   |   |   |   |   |   |--- truncated branch of depth 7
|   |   |   |   |   |   |   |   |   |--- feature_3 >  0.47
|   |   |   |   |   |   |   |   |   |   |--- feature_2 <= 3.34
|   |   |   |   |   |   |   |   |   |   |   |--- class: 0
|   |   |   |   |   |   |   |   |   |   |--- feature_2 >  3.34
|   |   |   |   |   |   |   |   |   |   |   |--- class: 1
|   |   |   |   |   |   |--- feature_3 >  2.61
|   |   |   |   |   |   |   |--- feature_3 <= 3.55
|   |   |   |   |   |   |   |   |--- class: 1
|   |   |   |   |   |   |   |--- feature_3 >  3.55
|   |   |   |   |   |   |   |   |--- class: 0
|   |   |   |   |--- feature_3 >  4.61
|   |   |   |   |   |--- feature_2 <= 0.75
|   |   |   |   |   |   |--- feature_2 <= -0.06
|   |   |   |   |   |   |   |--- class: 0
|   |   |   |   |   |   |--- feature_2 >  -0.06
|   |   |   |   |   |   |   |--- class: 1
|   |   |   |   |   |--- feature_2 >  0.75
|   |   |   |   |   |   |--- class: 1
|   |   |   |--- feature_2 >  5.57
|   |   |   |   |--- feature_2 <= 6.46
|   |   |   |   |   |--- class: 1
|   |   |   |   |--- feature_2 >  6.46
|   |   |   |   |   |--- class: 0
|   |   |--- feature_0 >  0.23
|   |   |   |--- class: 1
|   |--- feature_0 >  18.12
|   |   |--- class: 1
|--- feature_0 >  42.80
|   |--- class: 1
