|--- feature_0 <= 10.02
|   |--- feature_0 <= 6.82
|   |   |--- feature_3 <= 8.12
|   |   |   |--- feature_0 <= 4.12
|   |   |   |   |--- feature_3 <= 4.51
|   |   |   |   |   |--- feature_0 <= 3.67
|   |   |   |   |   |   |--- feature_0 <= 3.27
|   |   |   |   |   |   |   |--- feature_0 <= 2.14
|   |   |   |   |   |   |   |   |--- feature_0 <= -0.02
|   |   |   |   |   |   |   |   |   |--- feature_3 <= 0.07
|   |   |   |   |   |   |   |   |   |   |--- feature_0 <= -0.08
|   |   |   |   |   |   |   |   |   |   |   |--- truncated branch of depth 45
|   |   |   |   |   |   |   |   |   |   |--- feature_0 >  -0.08
|   |   |   |   |   |   |   |   |   |   |   |--- class: 1
|   |   |   |   |   |   |   |   |   |--- feature_3 >  0.07
|   |   |   |   |   |   |   |   |   |   |--- feature_0 <= -0.04
|   |   |   |   |   |   |   |   |   |   |   |--- truncated branch of depth 40
|   |   |   |   |   |   |   |   |   |   |--- feature_0 >  -0.04
|   |   |   |   |   |   |   |   |   |   |   |--- class: 1
|   |   |   |   |   |   |   |   |--- feature_0 >  -0.02
|   |   |   |   |   |   |   |   |   |--- class: 1
|   |   |   |   |   |   |   |--- feature_0 >  2.14
|   |   |   |   |   |   |   |   |--- class: 1
|   |   |   |   |   |   |--- feature_0 >  3.27
|   |   |   |   |   |   |   |--- class: 1
|   |   |   |   |   |--- feature_0 >  3.67
|   |   |   |   |   |   |--- class: 1
|   |   |   |   |--- feature_3 >  4.51
|   |   |   |   |   |--- feature_2 <= -0.09
|   |   |   |   |   |   |--- feature_0 <= 1.03
|   |   |   |   |   |   |   |--- feature_1 <= -0.15
|   |   |   |   |   |   |   |   |--- class: 0
|   |   |   |   |   |   |   |--- feature_1 >  -0.15
|   |   |   |   |   |   |   |   |--- class: 1
|   |   |   |   |   |   |--- feature_0 >  1.03
|   |   |   |   |   |   |   |--- class: 1
|   |   |   |   |   |--- feature_2 >  -0.09
|   |   |   |   |   |   |--- feature_1 <= -0.08
|   |   |   |   |   |   |   |--- feature_0 <= 0.12
|   |   |   |   |   |   |   |   |--- feature_1 <= -0.15
|   |   |   |   |   |   |   |   |   |--- feature_2 <= -0.09
|   |   |   |   |   |   |   |   |   |   |--- feature_3 <= 7.77
|   |   |   |   |   |   |   |   |   |   |   |--- truncated branch of depth 7
|   |   |   |   |   |   |   |   |   |   |--- feature_3 >  7.77
|   |   |   |   |   |   |   |   |   |   |   |--- class: 0
|   |   |   |   |   |   |   |   |   |--- feature_2 >  -0.09
|   |   |   |   |   |   |   |   |   |   |--- class: 0
|   |   |   |   |   |   |   |   |--- feature_1 >  -0.15
|   |   |   |   |   |   |   |   |   |--- class: 1
|   |   |   |   |   |   |   |--- feature_0 >  0.12
|   |   |   |   |   |   |   |   |--- class: 1
|   |   |   |   |   |   |--- feature_1 >  -0.08
|   |   |   |   |   |   |   |--- class: 1
|   |   |   |--- feature_0 >  4.12
|   |   |   |   |--- class: 1
|   |   |--- feature_3 >  8.12
|   |   |   |--- feature_0 <= 0.25
|   |   |   |   |--- class: 0
|   |   |   |--- feature_0 >  0.25
|   |   |   |   |--- class: 1
|   |--- feature_0 >  6.82
|   |   |--- class: 1
|--- feature_0 >  10.02
|   |--- class: 1
