Dataset:
        source_node  destination_node
0                 0             23977
1                 1             34526
2                 1              2370
3                 1             14683
4                 1             29982
...             ...               ...
288998        37527             37596
288999        37529             37601
289000        37644              2347
289001        25879              2347
289002        25616              2347

[289003 rows x 2 columns]

Info about graph:
Name: 
Type: Graph
Number of nodes: 37700
Number of edges: 289003
Average degree:  15.3317
None
Negative edges:
        source_node  destination_node
0             14658             21493
1             22636             22802
2              3495             10458
3             16402             34183
4             16562             25016
...             ...               ...
288998          656              1766
288999        10653             27112
289000          339             10195
289001        18366             22296
289002        30444             30678

[289003 rows x 2 columns]

All edges:
        source_node  destination_node  class
51611          3418              5750      1
20415         18240             35523      0
106815        25837             34112      1
74168          5369             33422      1
58652         27769             32838      0
...             ...               ...    ...
49083         14397             28477      0
176076        14242             20927      1
224999        20531             31890      1
76684         30721             32290      0
108871        17017             18997      0

[578006 rows x 3 columns]

Edges with classes:
        source_node  destination_node  class
0              3418              5750      1
1             18240             35523      0
2             25837             34112      1
3              5369             33422      1
4             27769             32838      0
...             ...               ...    ...
578001        14397             28477      0
578002        14242             20927      1
578003        20531             31890      1
578004        30721             32290      0
578005        17017             18997      0

[578006 rows x 3 columns]

Possitive edges:
        source_node  destination_node  class
0              3418              5750      1
2             25837             34112      1
3              5369             33422      1
5              9876               691      1
12             1483             15805      1
...             ...               ...    ...
577990        16288             12487      1
577994        30929             31209      1
577995        27803              7460      1
578002        14242             20927      1
578003        20531             31890      1

[289003 rows x 3 columns]

Features:
        source_node  destination_node  ...  clustering_coef  class
0              3418              5750  ...         0.000842      1
1             18240             35523  ...         0.006194      0
2             25837             34112  ...         0.011852      1
3              5369             33422  ...         0.003435      1
4             27769             32838  ...         0.000000      0
...             ...               ...  ...              ...    ...
578001        14397             28477  ...         0.077973      0
578002        14242             20927  ...         0.001226      1
578003        20531             31890  ...         0.000168      1
578004        30721             32290  ...         0.000000      0
578005        17017             18997  ...         0.002213      0

[578006 rows x 7 columns]

Edges with features:
        source_node  destination_node  ...  clustering_coef  class
0              3418              5750  ...         0.000842      1
1             18240             35523  ...         0.006194      0
2             25837             34112  ...         0.011852      1
3              5369             33422  ...         0.003435      1
4             27769             32838  ...         0.000000      0
...             ...               ...  ...              ...    ...
578001        14397             28477  ...         0.077973      0
578002        14242             20927  ...         0.001226      1
578003        20531             31890  ...         0.000168      1
578004        30721             32290  ...         0.000000      0
578005        17017             18997  ...         0.002213      0

[578006 rows x 7 columns]

Data:
        jaccard_coef  adamic_adar  preferential_attachment  clustering_coef
0           0.000000     0.000000                      336         0.000842
1           0.000000     0.000000                     3324         0.006194
2           0.000000     0.000000                      100         0.011852
3           0.037975     0.859995                     1656         0.003435
4           0.000000     0.000000                        1         0.000000
...              ...          ...                      ...              ...
578001      0.000000     0.000000                       57         0.077973
578002      0.025121     4.699855                    77578         0.001226
578003      0.001160     2.401759                   302656         0.000168
578004      0.000000     0.000000                        6         0.000000
578005      0.000000     0.000000                      342         0.002213

[578006 rows x 4 columns]

Lables:
        class
0           1
1           0
2           1
3           1
4           0
...       ...
578001      0
578002      1
578003      1
578004      0
578005      0

[578006 rows x 1 columns]

Start... Grid search and Cross validation
LogisticRegression
kNN
MLP
DecisionTree
RandomForest
GaussianNB
Model                 Accuracy(%)    Std(%)    AUC(%)  BestParameters
------------------  -------------  --------  --------  ----------------------------------------------------------------------
LogisticRegression          90.34      0.08     95.66  {'max_iter': 100, 'solver': 'newton-cg'}
kNN                         92.29      0.07     96.79  {'metric': 'manhattan', 'n_neighbors': 20}
MLP                         92.35      0.1      96.58  {'activation': 'relu', 'learning_rate': 'constant', 'max_iter': 1000}
DecisionTree                91.37      0.07     92.5   {'criterion': 'entropy', 'max_features': 'sqrt', 'splitter': 'best'}
RandomForest                91.79      0.09     96.67  {'criterion': 'entropy', 'max_features': 'sqrt', 'n_estimators': 1000}
GaussianNB                  90.26      0.09     94.87  {}
